<?xml version="1.0" encoding="UTF-8"?>
<testng-results ignored="0" total="1" passed="1" failed="0" skipped="0">
  <reporter-output>
  </reporter-output>
  <suite started-at="2024-05-24T12:21:44 EDT" name="Surefire suite" finished-at="2024-05-24T12:21:44 EDT" duration-ms="55">
    <groups>
    </groups>
    <test started-at="2024-05-24T12:21:44 EDT" name="Surefire test" finished-at="2024-05-24T12:21:44 EDT" duration-ms="55">
      <class name="zsolution_BDD.Zsolution_BDD.AppTest">
        <test-method signature="shouldAnswerWithTrue()" started-at="2024-05-24T12:21:44 EDT" name="shouldAnswerWithTrue" finished-at="2024-05-24T12:21:44 EDT" duration-ms="16" status="PASS">
          <reporter-output>
          </reporter-output>
        </test-method> <!-- shouldAnswerWithTrue -->
      </class> <!-- zsolution_BDD.Zsolution_BDD.AppTest -->
    </test> <!-- Surefire test -->
  </suite> <!-- Surefire suite -->
</testng-results>
